# JRE version: OpenJDK Runtime Environment Microsoft-8902769 (17.0.10+7) (build 17.0.10+7-LTS)
# Java VM: OpenJDK 64-Bit Server VM Microsoft-8902769 (17.0.10+7-LTS, mixed mode, sharing, tiered, compressed oops, compressed class ptrs, g1 gc, windows-amd64)
GC Precious Log:
 CPUs: 8 total, 8 available
 Memory: 7616M
 Large Page Support: Disabled
 NUMA Support: Disabled
 Compressed Oops: Enabled (32-bit)
 Heap Region Size: 1M
 Heap Min Capacity: 8M
 Heap Initial Capacity: 120M
 Heap Max Capacity: 2G
 Pre-touch: Disabled
 Parallel Workers: 8
 Concurrent Workers: 2
 Concurrent Refinement Workers: 8
 Periodic GC: Disabled
Heap:
 garbage-first heap   total 86016K, used 49530K [0x0000000080000000, 0x0000000100000000)
  region size 1024K, 24 young (24576K), 4 survivors (4096K)
 Metaspace       used 33449K, committed 33856K, reserved 491520K
  class space    used 4624K, committed 4800K, reserved 425984K
GC Heap History (12 events):
Event: 0.972 GC heap before
{Heap before GC invocations=0 (full 0):
 garbage-first heap   total 122880K, used 26624K [0x0000000080000000, 0x0000000100000000)
  region size 1024K, 23 young (23552K), 0 survivors (0K)
 Metaspace       used 3036K, committed 3200K, reserved 491520K
  class space    used 385K, committed 448K, reserved 425984K
}
Event: 0.980 GC heap after
{Heap after GC invocations=1 (full 0):
 garbage-first heap   total 122880K, used 10608K [0x0000000080000000, 0x0000000100000000)
  region size 1024K, 3 young (3072K), 3 survivors (3072K)
 Metaspace       used 3036K, committed 3200K, reserved 491520K
  class space    used 385K, committed 448K, reserved 425984K
}
Event: 1.674 GC heap before
{Heap before GC invocations=1 (full 0):
 garbage-first heap   total 122880K, used 37232K [0x0000000080000000, 0x0000000100000000)
  region size 1024K, 29 young (29696K), 3 survivors (3072K)
 Metaspace       used 4040K, committed 4224K, reserved 491520K
  class space    used 490K, committed 576K, reserved 425984K
}
Event: 1.681 GC heap after
{Heap after GC invocations=2 (full 0):
 garbage-first heap   total 122880K, used 11424K [0x0000000080000000, 0x0000000100000000)
  region size 1024K, 1 young (1024K), 1 survivors (1024K)
 Metaspace       used 4040K, committed 4224K, reserved 491520K
  class space    used 490K, committed 576K, reserved 425984K
}
Event: 5.711 GC heap before
{Heap before GC invocations=2 (full 0):
 garbage-first heap   total 122880K, used 81056K [0x0000000080000000, 0x0000000100000000)
  region size 1024K, 68 young (69632K), 1 survivors (1024K)
 Metaspace       used 14800K, committed 15040K, reserved 491520K
  class space    used 2086K, committed 2176K, reserved 425984K
}
Event: 5.726 GC heap after
{Heap after GC invocations=3 (full 0):
 garbage-first heap   total 122880K, used 20458K [0x0000000080000000, 0x0000000100000000)
  region size 1024K, 9 young (9216K), 9 survivors (9216K)
 Metaspace       used 14800K, committed 15040K, reserved 491520K
  class space    used 2086K, committed 2176K, reserved 425984K
}
Event: 9.091 GC heap before
{Heap before GC invocations=3 (full 0):
 garbage-first heap   total 122880K, used 68586K [0x0000000080000000, 0x0000000100000000)
  region size 1024K, 58 young (59392K), 9 survivors (9216K)
 Metaspace       used 21132K, committed 21504K, reserved 491520K
  class space    used 3119K, committed 3328K, reserved 425984K
}
Event: 9.113 GC heap after
{Heap after GC invocations=4 (full 0):
 garbage-first heap   total 122880K, used 23536K [0x0000000080000000, 0x0000000100000000)
  region size 1024K, 4 young (4096K), 4 survivors (4096K)
 Metaspace       used 21132K, committed 21504K, reserved 491520K
  class space    used 3119K, committed 3328K, reserved 425984K
}
Event: 12.679 GC heap before
{Heap before GC invocations=5 (full 0):
 garbage-first heap   total 86016K, used 69616K [0x0000000080000000, 0x0000000100000000)
  region size 1024K, 50 young (51200K), 4 survivors (4096K)
 Metaspace       used 29572K, committed 29888K, reserved 491520K
  class space    used 4150K, committed 4288K, reserved 425984K
}
Event: 12.688 GC heap after
{Heap after GC invocations=6 (full 0):
 garbage-first heap   total 86016K, used 27205K [0x0000000080000000, 0x0000000100000000)
  region size 1024K, 7 young (7168K), 7 survivors (7168K)
 Metaspace       used 29572K, committed 29888K, reserved 491520K
  class space    used 4150K, committed 4288K, reserved 425984K
}
Event: 14.272 GC heap before
{Heap before GC invocations=6 (full 0):
 garbage-first heap   total 86016K, used 69189K [0x0000000080000000, 0x0000000100000000)
  region size 1024K, 43 young (44032K), 7 survivors (7168K)
 Metaspace       used 32625K, committed 33088K, reserved 491520K
  class space    used 4506K, committed 4736K, reserved 425984K
}
Event: 14.284 GC heap after
{Heap after GC invocations=7 (full 0):
 garbage-first heap   total 86016K, used 30074K [0x0000000080000000, 0x0000000100000000)
  region size 1024K, 4 young (4096K), 4 survivors (4096K)
 Metaspace       used 32625K, committed 33088K, reserved 491520K
  class space    used 4506K, committed 4736K, reserved 425984K
}

