# JRE version: OpenJDK Runtime Environment Microsoft-8902769 (17.0.10+7) (build 17.0.10+7-LTS)
# Java VM: OpenJDK 64-Bit Server VM Microsoft-8902769 (17.0.10+7-LTS, mixed mode, sharing, tiered, compressed oops, compressed class ptrs, g1 gc, windows-amd64)
GC Precious Log:
 CPUs: 8 total, 8 available
 Memory: 7616M
 Large Page Support: Disabled
 NUMA Support: Disabled
 Compressed Oops: Enabled (32-bit)
 Heap Region Size: 1M
 Heap Min Capacity: 8M
 Heap Initial Capacity: 120M
 Heap Max Capacity: 2G
 Pre-touch: Disabled
 Parallel Workers: 8
 Concurrent Workers: 2
 Concurrent Refinement Workers: 8
 Periodic GC: Disabled
Heap:
 garbage-first heap   total 311296K, used 126339K [0x0000000080000000, 0x0000000100000000)
  region size 1024K, 8 young (8192K), 8 survivors (8192K)
 Metaspace       used 104189K, committed 104960K, reserved 557056K
  class space    used 14284K, committed 14656K, reserved 425984K
GC Heap History (20 events):
Event: 22.760 GC heap after
{Heap after GC invocations=47 (full 0):
 garbage-first heap   total 311296K, used 88818K [0x0000000080000000, 0x0000000100000000)
  region size 1024K, 3 young (3072K), 3 survivors (3072K)
 Metaspace       used 79230K, committed 79936K, reserved 557056K
  class space    used 10988K, committed 11328K, reserved 425984K
}
Event: 24.910 GC heap before
{Heap before GC invocations=48 (full 0):
 garbage-first heap   total 311296K, used 223986K [0x0000000080000000, 0x0000000100000000)
  region size 1024K, 134 young (137216K), 3 survivors (3072K)
 Metaspace       used 88602K, committed 89344K, reserved 557056K
  class space    used 12435K, committed 12800K, reserved 425984K
}
Event: 24.920 GC heap after
{Heap after GC invocations=49 (full 0):
 garbage-first heap   total 311296K, used 94836K [0x0000000080000000, 0x0000000100000000)
  region size 1024K, 9 young (9216K), 9 survivors (9216K)
 Metaspace       used 88602K, committed 89344K, reserved 557056K
  class space    used 12435K, committed 12800K, reserved 425984K
}
Event: 25.009 GC heap before
{Heap before GC invocations=49 (full 0):
 garbage-first heap   total 311296K, used 99956K [0x0000000080000000, 0x0000000100000000)
  region size 1024K, 15 young (15360K), 9 survivors (9216K)
 Metaspace       used 89146K, committed 89920K, reserved 557056K
  class space    used 12511K, committed 12864K, reserved 425984K
}
Event: 25.024 GC heap after
{Heap after GC invocations=50 (full 0):
 garbage-first heap   total 311296K, used 96098K [0x0000000080000000, 0x0000000100000000)
  region size 1024K, 2 young (2048K), 2 survivors (2048K)
 Metaspace       used 89146K, committed 89920K, reserved 557056K
  class space    used 12511K, committed 12864K, reserved 425984K
}
Event: 27.208 GC heap before
{Heap before GC invocations=50 (full 0):
 garbage-first heap   total 311296K, used 247650K [0x0000000080000000, 0x0000000100000000)
  region size 1024K, 146 young (149504K), 2 survivors (2048K)
 Metaspace       used 96577K, committed 97408K, reserved 557056K
  class space    used 13368K, committed 13824K, reserved 425984K
}
Event: 27.222 GC heap after
{Heap after GC invocations=51 (full 0):
 garbage-first heap   total 311296K, used 106270K [0x0000000080000000, 0x0000000100000000)
  region size 1024K, 12 young (12288K), 12 survivors (12288K)
 Metaspace       used 96577K, committed 97408K, reserved 557056K
  class space    used 13368K, committed 13824K, reserved 425984K
}
Event: 29.071 GC heap before
{Heap before GC invocations=51 (full 0):
 garbage-first heap   total 311296K, used 241438K [0x0000000080000000, 0x0000000100000000)
  region size 1024K, 145 young (148480K), 12 survivors (12288K)
 Metaspace       used 103308K, committed 104064K, reserved 557056K
  class space    used 14245K, committed 14592K, reserved 425984K
}
Event: 29.101 GC heap after
{Heap after GC invocations=52 (full 0):
 garbage-first heap   total 311296K, used 111786K [0x0000000080000000, 0x0000000100000000)
  region size 1024K, 6 young (6144K), 6 survivors (6144K)
 Metaspace       used 103308K, committed 104064K, reserved 557056K
  class space    used 14245K, committed 14592K, reserved 425984K
}
Event: 690.953 GC heap before
{Heap before GC invocations=52 (full 0):
 garbage-first heap   total 311296K, used 249002K [0x0000000080000000, 0x0000000100000000)
  region size 1024K, 140 young (143360K), 6 survivors (6144K)
 Metaspace       used 104125K, committed 104896K, reserved 557056K
  class space    used 14284K, committed 14656K, reserved 425984K
}
Event: 691.305 GC heap after
{Heap after GC invocations=53 (full 0):
 garbage-first heap   total 311296K, used 113876K [0x0000000080000000, 0x0000000100000000)
  region size 1024K, 8 young (8192K), 8 survivors (8192K)
 Metaspace       used 104125K, committed 104896K, reserved 557056K
  class space    used 14284K, committed 14656K, reserved 425984K
}
Event: 1006.726 GC heap before
{Heap before GC invocations=53 (full 0):
 garbage-first heap   total 311296K, used 133332K [0x0000000080000000, 0x0000000100000000)
  region size 1024K, 28 young (28672K), 8 survivors (8192K)
 Metaspace       used 104174K, committed 104960K, reserved 557056K
  class space    used 14284K, committed 14656K, reserved 425984K
}
Event: 1006.873 GC heap after
{Heap after GC invocations=54 (full 0):
 garbage-first heap   total 311296K, used 113796K [0x0000000080000000, 0x0000000100000000)
  region size 1024K, 8 young (8192K), 8 survivors (8192K)
 Metaspace       used 104174K, committed 104960K, reserved 557056K
  class space    used 14284K, committed 14656K, reserved 425984K
}
Event: 1007.912 GC heap before
{Heap before GC invocations=54 (full 0):
 garbage-first heap   total 311296K, used 198788K [0x0000000080000000, 0x0000000100000000)
  region size 1024K, 11 young (11264K), 8 survivors (8192K)
 Metaspace       used 104189K, committed 104960K, reserved 557056K
  class space    used 14284K, committed 14656K, reserved 425984K
}
Event: 1007.975 GC heap after
{Heap after GC invocations=55 (full 0):
 garbage-first heap   total 311296K, used 114183K [0x0000000080000000, 0x0000000100000000)
  region size 1024K, 8 young (8192K), 8 survivors (8192K)
 Metaspace       used 104189K, committed 104960K, reserved 557056K
  class space    used 14284K, committed 14656K, reserved 425984K
}
Event: 1008.054 GC heap before
{Heap before GC invocations=55 (full 0):
 garbage-first heap   total 311296K, used 142855K [0x0000000080000000, 0x0000000100000000)
  region size 1024K, 10 young (10240K), 8 survivors (8192K)
 Metaspace       used 104189K, committed 104960K, reserved 557056K
  class space    used 14284K, committed 14656K, reserved 425984K
}
Event: 1008.070 GC heap after
{Heap after GC invocations=56 (full 0):
 garbage-first heap   total 311296K, used 122188K [0x0000000080000000, 0x0000000100000000)
  region size 1024K, 8 young (8192K), 8 survivors (8192K)
 Metaspace       used 104189K, committed 104960K, reserved 557056K
  class space    used 14284K, committed 14656K, reserved 425984K
}
Event: 1008.091 GC heap before
{Heap before GC invocations=56 (full 0):
 garbage-first heap   total 311296K, used 134476K [0x0000000080000000, 0x0000000100000000)
  region size 1024K, 9 young (9216K), 8 survivors (8192K)
 Metaspace       used 104189K, committed 104960K, reserved 557056K
  class space    used 14284K, committed 14656K, reserved 425984K
}
Event: 1008.104 GC heap after
{Heap after GC invocations=57 (full 0):
 garbage-first heap   total 311296K, used 125268K [0x0000000080000000, 0x0000000100000000)
  region size 1024K, 8 young (8192K), 8 survivors (8192K)
 Metaspace       used 104189K, committed 104960K, reserved 557056K
  class space    used 14284K, committed 14656K, reserved 425984K
}
Event: 1008.113 GC heap before
{Heap before GC invocations=57 (full 0):
 garbage-first heap   total 311296K, used 128340K [0x0000000080000000, 0x0000000100000000)
  region size 1024K, 9 young (9216K), 8 survivors (8192K)
 Metaspace       used 104189K, committed 104960K, reserved 557056K
  class space    used 14284K, committed 14656K, reserved 425984K
}

